[2026-01-30T06:31:41.625+0000] {taskinstance.py:1956} INFO - Dependencies all met for dep_context=non-requeueable deps ti=<TaskInstance: agri_meteo_etl.extract_weather scheduled__2026-01-29T00:00:00+00:00 [queued]>
[2026-01-30T06:31:41.725+0000] {taskinstance.py:1956} INFO - Dependencies all met for dep_context=requeueable deps ti=<TaskInstance: agri_meteo_etl.extract_weather scheduled__2026-01-29T00:00:00+00:00 [queued]>
[2026-01-30T06:31:41.727+0000] {taskinstance.py:2170} INFO - Starting attempt 1 of 2
[2026-01-30T06:31:42.216+0000] {taskinstance.py:2191} INFO - Executing <Task(BashOperator): extract_weather> on 2026-01-29 00:00:00+00:00
[2026-01-30T06:31:42.351+0000] {standard_task_runner.py:60} INFO - Started process 9962 to run task
[2026-01-30T06:31:42.364+0000] {standard_task_runner.py:87} INFO - Running: ['***', 'tasks', 'run', 'agri_meteo_etl', 'extract_weather', 'scheduled__2026-01-29T00:00:00+00:00', '--job-id', '264', '--raw', '--subdir', 'DAGS_FOLDER/agri_meteo_etl.py', '--cfg-path', '/tmp/tmphai0j8ox']
[2026-01-30T06:31:42.369+0000] {standard_task_runner.py:88} INFO - Job 264: Subtask extract_weather
[2026-01-30T06:31:43.140+0000] {task_command.py:423} INFO - Running <TaskInstance: agri_meteo_etl.extract_weather scheduled__2026-01-29T00:00:00+00:00 [running]> on host e802c8773775
[2026-01-30T06:31:44.138+0000] {taskinstance.py:2480} INFO - Exporting env vars: AIRFLOW_CTX_DAG_OWNER='***' AIRFLOW_CTX_DAG_ID='agri_meteo_etl' AIRFLOW_CTX_TASK_ID='extract_weather' AIRFLOW_CTX_EXECUTION_DATE='2026-01-29T00:00:00+00:00' AIRFLOW_CTX_TRY_NUMBER='1' AIRFLOW_CTX_DAG_RUN_ID='scheduled__2026-01-29T00:00:00+00:00'
[2026-01-30T06:31:44.178+0000] {subprocess.py:63} INFO - Tmp dir root location: /tmp
[2026-01-30T06:31:44.224+0000] {subprocess.py:75} INFO - Running command: ['/usr/bin/bash', '-c', 'docker exec spark python3 /app/scripts/extract.py']
[2026-01-30T06:31:44.456+0000] {subprocess.py:86} INFO - Output:
[2026-01-30T06:32:20.190+0000] {subprocess.py:93} INFO - Traceback (most recent call last):
[2026-01-30T06:32:20.192+0000] {subprocess.py:93} INFO -   File "/usr/local/lib/python3.8/dist-packages/urllib3/connection.py", line 199, in _new_conn
[2026-01-30T06:32:20.194+0000] {subprocess.py:93} INFO -     sock = connection.create_connection(
[2026-01-30T06:32:20.195+0000] {subprocess.py:93} INFO -   File "/usr/local/lib/python3.8/dist-packages/urllib3/util/connection.py", line 60, in create_connection
[2026-01-30T06:32:20.197+0000] {subprocess.py:93} INFO -     for res in socket.getaddrinfo(host, port, family, socket.SOCK_STREAM):
[2026-01-30T06:32:20.198+0000] {subprocess.py:93} INFO -   File "/usr/lib/python3.8/socket.py", line 918, in getaddrinfo
[2026-01-30T06:32:20.199+0000] {subprocess.py:93} INFO -     for res in _socket.getaddrinfo(host, port, family, type, proto, flags):
[2026-01-30T06:32:20.199+0000] {subprocess.py:93} INFO - socket.gaierror: [Errno -2] Name or service not known
[2026-01-30T06:32:20.200+0000] {subprocess.py:93} INFO - 
[2026-01-30T06:32:20.201+0000] {subprocess.py:93} INFO - The above exception was the direct cause of the following exception:
[2026-01-30T06:32:20.202+0000] {subprocess.py:93} INFO - 
[2026-01-30T06:32:20.202+0000] {subprocess.py:93} INFO - Traceback (most recent call last):
[2026-01-30T06:32:20.203+0000] {subprocess.py:93} INFO -   File "/usr/local/lib/python3.8/dist-packages/urllib3/connectionpool.py", line 789, in urlopen
[2026-01-30T06:32:20.203+0000] {subprocess.py:93} INFO -     response = self._make_request(
[2026-01-30T06:32:20.204+0000] {subprocess.py:93} INFO -   File "/usr/local/lib/python3.8/dist-packages/urllib3/connectionpool.py", line 490, in _make_request
[2026-01-30T06:32:20.204+0000] {subprocess.py:93} INFO -     raise new_e
[2026-01-30T06:32:20.205+0000] {subprocess.py:93} INFO -   File "/usr/local/lib/python3.8/dist-packages/urllib3/connectionpool.py", line 466, in _make_request
[2026-01-30T06:32:20.206+0000] {subprocess.py:93} INFO -     self._validate_conn(conn)
[2026-01-30T06:32:20.206+0000] {subprocess.py:93} INFO -   File "/usr/local/lib/python3.8/dist-packages/urllib3/connectionpool.py", line 1095, in _validate_conn
[2026-01-30T06:32:20.207+0000] {subprocess.py:93} INFO -     conn.connect()
[2026-01-30T06:32:20.207+0000] {subprocess.py:93} INFO -   File "/usr/local/lib/python3.8/dist-packages/urllib3/connection.py", line 693, in connect
[2026-01-30T06:32:20.208+0000] {subprocess.py:93} INFO -     self.sock = sock = self._new_conn()
[2026-01-30T06:32:20.208+0000] {subprocess.py:93} INFO -   File "/usr/local/lib/python3.8/dist-packages/urllib3/connection.py", line 206, in _new_conn
[2026-01-30T06:32:20.209+0000] {subprocess.py:93} INFO -     raise NameResolutionError(self.host, self, e) from e
[2026-01-30T06:32:20.209+0000] {subprocess.py:93} INFO - urllib3.exceptions.NameResolutionError: <urllib3.connection.HTTPSConnection object at 0x7d78e78f4c10>: Failed to resolve 'api.open-meteo.com' ([Errno -2] Name or service not known)
[2026-01-30T06:32:20.210+0000] {subprocess.py:93} INFO - 
[2026-01-30T06:32:20.210+0000] {subprocess.py:93} INFO - The above exception was the direct cause of the following exception:
[2026-01-30T06:32:20.211+0000] {subprocess.py:93} INFO - 
[2026-01-30T06:32:20.211+0000] {subprocess.py:93} INFO - Traceback (most recent call last):
[2026-01-30T06:32:20.212+0000] {subprocess.py:93} INFO -   File "/usr/local/lib/python3.8/dist-packages/requests/adapters.py", line 667, in send
[2026-01-30T06:32:20.212+0000] {subprocess.py:93} INFO -     resp = conn.urlopen(
[2026-01-30T06:32:20.212+0000] {subprocess.py:93} INFO -   File "/usr/local/lib/python3.8/dist-packages/urllib3/connectionpool.py", line 843, in urlopen
[2026-01-30T06:32:20.213+0000] {subprocess.py:93} INFO -     retries = retries.increment(
[2026-01-30T06:32:20.213+0000] {subprocess.py:93} INFO -   File "/usr/local/lib/python3.8/dist-packages/urllib3/util/retry.py", line 519, in increment
[2026-01-30T06:32:20.214+0000] {subprocess.py:93} INFO -     raise MaxRetryError(_pool, url, reason) from reason  # type: ignore[arg-type]
[2026-01-30T06:32:20.214+0000] {subprocess.py:93} INFO - urllib3.exceptions.MaxRetryError: HTTPSConnectionPool(host='api.open-meteo.com', port=443): Max retries exceeded with url: /v1/forecast?latitude=33.6&longitude=-7.6&daily=temperature_2m_max%2Cprecipitation_sum&timezone=Africa%2FCasablanca (Caused by NameResolutionError("<urllib3.connection.HTTPSConnection object at 0x7d78e78f4c10>: Failed to resolve 'api.open-meteo.com' ([Errno -2] Name or service not known)"))
[2026-01-30T06:32:20.214+0000] {subprocess.py:93} INFO - 
[2026-01-30T06:32:20.215+0000] {subprocess.py:93} INFO - During handling of the above exception, another exception occurred:
[2026-01-30T06:32:20.215+0000] {subprocess.py:93} INFO - 
[2026-01-30T06:32:20.216+0000] {subprocess.py:93} INFO - Traceback (most recent call last):
[2026-01-30T06:32:20.216+0000] {subprocess.py:93} INFO -   File "/app/scripts/extract.py", line 23, in <module>
[2026-01-30T06:32:20.216+0000] {subprocess.py:93} INFO -     fetch_weather()
[2026-01-30T06:32:20.216+0000] {subprocess.py:93} INFO -   File "/app/scripts/extract.py", line 13, in fetch_weather
[2026-01-30T06:32:20.217+0000] {subprocess.py:93} INFO -     response = requests.get(url, params=params)
[2026-01-30T06:32:20.217+0000] {subprocess.py:93} INFO -   File "/usr/local/lib/python3.8/dist-packages/requests/api.py", line 73, in get
[2026-01-30T06:32:20.218+0000] {subprocess.py:93} INFO -     return request("get", url, params=params, **kwargs)
[2026-01-30T06:32:20.218+0000] {subprocess.py:93} INFO -   File "/usr/local/lib/python3.8/dist-packages/requests/api.py", line 59, in request
[2026-01-30T06:32:20.218+0000] {subprocess.py:93} INFO -     return session.request(method=method, url=url, **kwargs)
[2026-01-30T06:32:20.219+0000] {subprocess.py:93} INFO -   File "/usr/local/lib/python3.8/dist-packages/requests/sessions.py", line 589, in request
[2026-01-30T06:32:20.219+0000] {subprocess.py:93} INFO -     resp = self.send(prep, **send_kwargs)
[2026-01-30T06:32:20.220+0000] {subprocess.py:93} INFO -   File "/usr/local/lib/python3.8/dist-packages/requests/sessions.py", line 703, in send
[2026-01-30T06:32:20.220+0000] {subprocess.py:93} INFO -     r = adapter.send(request, **kwargs)
[2026-01-30T06:32:20.220+0000] {subprocess.py:93} INFO -   File "/usr/local/lib/python3.8/dist-packages/requests/adapters.py", line 700, in send
[2026-01-30T06:32:20.221+0000] {subprocess.py:93} INFO -     raise ConnectionError(e, request=request)
[2026-01-30T06:32:20.221+0000] {subprocess.py:93} INFO - requests.exceptions.ConnectionError: HTTPSConnectionPool(host='api.open-meteo.com', port=443): Max retries exceeded with url: /v1/forecast?latitude=33.6&longitude=-7.6&daily=temperature_2m_max%2Cprecipitation_sum&timezone=Africa%2FCasablanca (Caused by NameResolutionError("<urllib3.connection.HTTPSConnection object at 0x7d78e78f4c10>: Failed to resolve 'api.open-meteo.com' ([Errno -2] Name or service not known)"))
[2026-01-30T06:32:20.666+0000] {subprocess.py:97} INFO - Command exited with return code 1
[2026-01-30T06:32:20.708+0000] {taskinstance.py:2698} ERROR - Task failed with exception
Traceback (most recent call last):
  File "/home/airflow/.local/lib/python3.8/site-packages/airflow/models/taskinstance.py", line 433, in _execute_task
    result = execute_callable(context=context, **execute_callable_kwargs)
  File "/home/airflow/.local/lib/python3.8/site-packages/airflow/operators/bash.py", line 212, in execute
    raise AirflowException(
airflow.exceptions.AirflowException: Bash command failed. The command returned a non-zero exit code 1.
[2026-01-30T06:32:20.789+0000] {taskinstance.py:1138} INFO - Marking task as UP_FOR_RETRY. dag_id=agri_meteo_etl, task_id=extract_weather, execution_date=20260129T000000, start_date=20260130T063141, end_date=20260130T063220
[2026-01-30T06:32:20.966+0000] {standard_task_runner.py:107} ERROR - Failed to execute job 264 for task extract_weather (Bash command failed. The command returned a non-zero exit code 1.; 9962)
[2026-01-30T06:32:21.060+0000] {local_task_job_runner.py:234} INFO - Task exited with return code 1
[2026-01-30T06:32:21.170+0000] {taskinstance.py:3280} INFO - 0 downstream tasks scheduled from follow-on schedule check
[2026-01-30T14:15:27.977+0000] {taskinstance.py:1956} INFO - Dependencies all met for dep_context=non-requeueable deps ti=<TaskInstance: agri_meteo_etl.extract_weather scheduled__2026-01-29T00:00:00+00:00 [queued]>
[2026-01-30T14:15:27.989+0000] {taskinstance.py:1956} INFO - Dependencies all met for dep_context=requeueable deps ti=<TaskInstance: agri_meteo_etl.extract_weather scheduled__2026-01-29T00:00:00+00:00 [queued]>
[2026-01-30T14:15:27.989+0000] {taskinstance.py:2170} INFO - Starting attempt 1 of 2
[2026-01-30T14:15:28.063+0000] {taskinstance.py:2191} INFO - Executing <Task(BashOperator): extract_weather> on 2026-01-29 00:00:00+00:00
[2026-01-30T14:15:28.068+0000] {standard_task_runner.py:60} INFO - Started process 219 to run task
[2026-01-30T14:15:28.072+0000] {standard_task_runner.py:87} INFO - Running: ['***', 'tasks', 'run', 'agri_meteo_etl', 'extract_weather', 'scheduled__2026-01-29T00:00:00+00:00', '--job-id', '267', '--raw', '--subdir', 'DAGS_FOLDER/agri_meteo_etl.py', '--cfg-path', '/tmp/tmpbz4gpa1h']
[2026-01-30T14:15:28.075+0000] {standard_task_runner.py:88} INFO - Job 267: Subtask extract_weather
[2026-01-30T14:15:28.240+0000] {task_command.py:423} INFO - Running <TaskInstance: agri_meteo_etl.extract_weather scheduled__2026-01-29T00:00:00+00:00 [running]> on host e802c8773775
[2026-01-30T14:15:28.597+0000] {taskinstance.py:2480} INFO - Exporting env vars: AIRFLOW_CTX_DAG_OWNER='***' AIRFLOW_CTX_DAG_ID='agri_meteo_etl' AIRFLOW_CTX_TASK_ID='extract_weather' AIRFLOW_CTX_EXECUTION_DATE='2026-01-29T00:00:00+00:00' AIRFLOW_CTX_TRY_NUMBER='1' AIRFLOW_CTX_DAG_RUN_ID='scheduled__2026-01-29T00:00:00+00:00'
[2026-01-30T14:15:28.599+0000] {subprocess.py:63} INFO - Tmp dir root location: /tmp
[2026-01-30T14:15:28.601+0000] {subprocess.py:75} INFO - Running command: ['/usr/bin/bash', '-c', 'docker exec spark python3 /app/scripts/extract.py']
[2026-01-30T14:15:28.609+0000] {subprocess.py:86} INFO - Output:
[2026-01-30T14:15:58.417+0000] {subprocess.py:97} INFO - Command exited with return code 0
[2026-01-30T14:15:58.527+0000] {taskinstance.py:1138} INFO - Marking task as SUCCESS. dag_id=agri_meteo_etl, task_id=extract_weather, execution_date=20260129T000000, start_date=20260130T141527, end_date=20260130T141558
[2026-01-30T14:15:58.626+0000] {local_task_job_runner.py:234} INFO - Task exited with return code 0
[2026-01-30T14:15:58.665+0000] {taskinstance.py:3280} INFO - 1 downstream tasks scheduled from follow-on schedule check
